生成启动时间为 2015/12/9 星期三 下午 3:05:56。
     1>项目“E:\document\GitHub\C_test\C_week4_task\C_week4_task\C_week4_task.vcxproj”在节点 2 上(Build 个目标)。
     1>ClCompile:
         C:\Program Files (x86)\Microsoft Visual Studio 12.0\VC\bin\CL.exe /c /ZI /nologo /W3 /WX- /sdl /Od /Oy- /D WIN32 /D _DEBUG /D _CONSOLE /D _LIB /D _CRT_SECURE_NO_WARNINGS /D _UNICODE /D UNICODE /Gm /EHsc /RTC1 /MDd /GS /fp:precise /Zc:wchar_t /Zc:forScope /Fo"Debug\\" /Fd"Debug\vc120.pdb" /Gd /TP /analyze- /errorReport:prompt main.cpp
         main.cpp
     1>e:\document\github\c_test\c_week4_task\c_week4_task\bigint.h(167): warning C4018: “<”: 有符号/无符号不匹配
     1>e:\document\github\c_test\c_week4_task\c_week4_task\bigint.h(170): warning C4018: “<”: 有符号/无符号不匹配
     1>e:\document\github\c_test\c_week4_task\c_week4_task\bigint.h(171): warning C4018: “<”: 有符号/无符号不匹配
     1>e:\document\github\c_test\c_week4_task\c_week4_task\bigint.h(174): warning C4018: “<”: 有符号/无符号不匹配
     1>e:\document\github\c_test\c_week4_task\c_week4_task\bigint.h(178): warning C4018: “<”: 有符号/无符号不匹配
     1>e:\document\github\c_test\c_week4_task\c_week4_task\bigint.h(215): warning C4018: “<”: 有符号/无符号不匹配
     1>e:\document\github\c_test\c_week4_task\c_week4_task\bigint.h(218): warning C4018: “<”: 有符号/无符号不匹配
     1>e:\document\github\c_test\c_week4_task\c_week4_task\bigint.h(219): warning C4018: “<”: 有符号/无符号不匹配
     1>e:\document\github\c_test\c_week4_task\c_week4_task\bigint.h(224): warning C4018: “<”: 有符号/无符号不匹配
     1>e:\document\github\c_test\c_week4_task\c_week4_task\bigint.h(282): warning C4018: “<”: 有符号/无符号不匹配
     1>e:\document\github\c_test\c_week4_task\c_week4_task\bigint.h(283): warning C4018: “<”: 有符号/无符号不匹配
     1>e:\document\github\c_test\c_week4_task\c_week4_task\bigint.h(290): warning C4018: “<”: 有符号/无符号不匹配
       Link:
         C:\Program Files (x86)\Microsoft Visual Studio 12.0\VC\bin\link.exe /ERRORREPORT:PROMPT /OUT:"E:\document\GitHub\C_test\C_week4_task\Debug\C_week4_task.exe" /INCREMENTAL /NOLOGO opencv_ml249d.lib opencv_calib3d249d.lib opencv_contrib249d.lib opencv_core249d.lib opencv_features2d249d.lib opencv_flann249d.lib opencv_gpu249d.lib opencv_highgui249d.lib opencv_imgproc249d.lib opencv_legacy249d.lib opencv_objdetect249d.lib opencv_ts249d.lib opencv_video249d.lib opencv_nonfree249d.lib opencv_ocl249d.lib opencv_photo249d.lib opencv_stitching249d.lib opencv_superres249d.lib opencv_videostab249d.lib opencv_objdetect249.lib opencv_ts249.lib opencv_video249.lib opencv_nonfree249.lib opencv_ocl249.lib opencv_photo249.lib opencv_stitching249.lib opencv_superres249.lib opencv_videostab249.lib opencv_calib3d249.lib opencv_contrib249.lib opencv_core249.lib opencv_features2d249.lib opencv_flann249.lib opencv_gpu249.lib opencv_highgui249.lib opencv_imgproc249.lib opencv_legacy249.lib opencv_ml249.lib kernel32.lib user32.lib gdi32.lib winspool.lib comdlg32.lib advapi32.lib shell32.lib ole32.lib oleaut32.lib uuid.lib odbc32.lib odbccp32.lib /MANIFEST /MANIFESTUAC:"level='asInvoker' uiAccess='false'" /manifest:embed /DEBUG /PDB:"E:\document\GitHub\C_test\C_week4_task\Debug\C_week4_task.pdb" /SUBSYSTEM:CONSOLE /TLBID:1 /DYNAMICBASE /NXCOMPAT /IMPLIB:"E:\document\GitHub\C_test\C_week4_task\Debug\C_week4_task.lib" /MACHINE:X86 Debug\main.obj
         C_week4_task.vcxproj -> E:\document\GitHub\C_test\C_week4_task\Debug\C_week4_task.exe
     1>已完成生成项目“E:\document\GitHub\C_test\C_week4_task\C_week4_task\C_week4_task.vcxproj”(Build 个目标)的操作。

生成成功。

已用时间 00:00:01.98
